<?xml version="1.0" encoding="UTF-8"?>
<!-- Generated by org.testng.reporters.JUnitReportReporter -->
<testsuite hostname="Girish" failures="0" tests="1" name="scripts.CreateProject" time="6.310" errors="0" timestamp="2023-10-27T16:28:50 IST" skipped="0">
  <testcase classname="scripts.CreateProject" name="schemaValidationRmg" time="6.310"/>
  <system-out/>
</testsuite> <!-- scripts.CreateProject -->
